[13:57:35] [ServerMain/INFO]: [bootstrap] Running Java 21 (OpenJDK 64-Bit Server VM 21.0.8+9-Ubuntu-0ubuntu124.04.1; Ubuntu null) on Linux 6.8.0-1030-azure (amd64)
[13:57:35] [ServerMain/INFO]: [bootstrap] Loading Paper 1.21.7-17-main@b4466ec (2025-07-06T18:59:07Z) for Minecraft 1.21.7
[13:57:35] [ServerMain/INFO]: [PluginInitializerManager] Initializing plugins...
[13:57:36] [ServerMain/INFO]: [PluginInitializerManager] Initialized 0 plugins
[13:57:41] [ServerMain/INFO]: Environment: Environment[sessionHost=https://sessionserver.mojang.com, servicesHost=https://api.minecraftservices.com, name=PROD]
[13:57:43] [ServerMain/INFO]: Loaded 1407 recipes
[13:57:43] [ServerMain/INFO]: Loaded 1520 advancements
[13:57:43] [ServerMain/INFO]: [ca.spottedleaf.dataconverter.minecraft.datatypes.MCTypeRegistry] Initialising converters for DataConverter...
[13:57:43] [ServerMain/INFO]: [ca.spottedleaf.dataconverter.minecraft.datatypes.MCTypeRegistry] Finished initialising converters for DataConverter in 352.0ms
[13:57:43] [Server thread/INFO]: Starting minecraft server version 1.21.7
[13:57:43] [Server thread/INFO]: Loading properties
[13:57:43] [Server thread/INFO]: This server is running Paper version 1.21.7-17-main@b4466ec (2025-07-06T18:59:07Z) (Implementing API version 1.21.7-R0.1-SNAPSHOT)
[13:57:43] [Server thread/INFO]: [spark] This server bundles the spark profiler. For more information please visit https://docs.papermc.io/paper/profiling
[13:57:43] [Server thread/INFO]: Server Ping Player Sample Count: 12
[13:57:44] [Server thread/INFO]: Using 4 threads for Netty based IO
[13:57:44] [Server thread/INFO]: [MoonriseCommon] Paper is using 1 worker threads, 1 I/O threads
[13:57:44] [Server thread/INFO]: [ChunkTaskScheduler] Chunk system is using population gen parallelism: true
[13:57:45] [Server thread/INFO]: Default game type: SURVIVAL
[13:57:45] [Server thread/INFO]: Generating keypair
[13:57:45] [Server thread/INFO]: Starting Minecraft server on *:25565
[13:57:45] [Server thread/INFO]: Using epoll channel type
[13:57:45] [Server thread/INFO]: Paper: Using libdeflate (Linux x86_64) compression from Velocity.
[13:57:45] [Server thread/INFO]: Paper: Using OpenSSL 3.x.x (Linux x86_64) cipher from Velocity.
[13:57:45] [Server thread/INFO]: Server permissions file permissions.yml is empty, ignoring it
[13:57:45] [Server thread/WARN]: **** SERVER IS RUNNING IN OFFLINE/INSECURE MODE!
[13:57:45] [Server thread/WARN]: The server will make no attempt to authenticate usernames. Beware.
[13:57:45] [Server thread/WARN]: While this makes the game possible to play without internet access, it also opens up the ability for hackers to connect with any username they choose.
[13:57:45] [Server thread/WARN]: To change this, set "online-mode" to "true" in the server.properties file.
[13:57:45] [Server thread/INFO]: Preparing level "world"
[13:57:45] [Server thread/INFO]: Preparing start region for dimension minecraft:overworld
[13:57:45] [Server thread/INFO]: Preparing spawn area: 0%
[13:57:46] [Server thread/INFO]: Preparing spawn area: 10%
[13:57:46] [Server thread/INFO]: Time elapsed: 929 ms
[13:57:46] [Server thread/INFO]: Preparing start region for dimension minecraft:the_nether
[13:57:46] [Server thread/INFO]: Preparing spawn area: 0%
[13:57:46] [Server thread/INFO]: Time elapsed: 316 ms
[13:57:46] [Server thread/INFO]: Preparing start region for dimension minecraft:the_end
[13:57:46] [Server thread/INFO]: Preparing spawn area: 0%
[13:57:47] [Server thread/INFO]: Time elapsed: 201 ms
[13:57:47] [Server thread/INFO]: [spark] Starting background profiler...
[13:57:48] [Server thread/INFO]: Done preparing level "world" (2.815s)
[13:57:48] [Server thread/INFO]: Running delayed init tasks
[13:57:48] [Server thread/INFO]: Done (13.907s)! For help, type "help"
